# JRE version: Java(TM) SE Runtime Environment (8.0_191-b12) (build 1.8.0_191-b12)
# Java VM: Java HotSpot(TM) 64-Bit Server VM (25.191-b12 mixed mode linux-amd64 compressed oops)
Heap:
 PSYoungGen      total 215552K, used 50999K [0x00000000f0000000, 0x0000000100000000, 0x0000000100000000)
  eden space 169472K, 15% used [0x00000000f0000000,0x00000000f19237b0,0x00000000fa580000)
  from space 46080K, 54% used [0x00000000fa580000,0x00000000fbe2a7d0,0x00000000fd280000)
  to   space 46080K, 0% used [0x00000000fd300000,0x00000000fd300000,0x0000000100000000)
 ParOldGen       total 524288K, used 149108K [0x00000000d0000000, 0x00000000f0000000, 0x00000000f0000000)
  object space 524288K, 28% used [0x00000000d0000000,0x00000000d919d120,0x00000000f0000000)
 Metaspace       used 81820K, capacity 87734K, committed 87960K, reserved 1124352K
  class space    used 10450K, capacity 12098K, committed 12208K, reserved 1048576K
GC Heap History (10 events):
Event: 1595,509 GC heap before
{Heap before GC invocations=52 (full 3):
 PSYoungGen      total 211968K, used 191719K [0x00000000f0000000, 0x0000000100000000, 0x0000000100000000)
  eden space 160256K, 100% used [0x00000000f0000000,0x00000000f9c80000,0x00000000f9c80000)
  from space 51712K, 60% used [0x00000000fcd80000,0x00000000fec39ea0,0x0000000100000000)
  to   space 50176K, 0% used [0x00000000f9c80000,0x00000000f9c80000,0x00000000fcd80000)
 ParOldGen       total 524288K, used 141891K [0x00000000d0000000, 0x00000000f0000000, 0x00000000f0000000)
  object space 524288K, 27% used [0x00000000d0000000,0x00000000d8a90f80,0x00000000f0000000)
 Metaspace       used 80831K, capacity 86642K, committed 86808K, reserved 1124352K
  class space    used 10391K, capacity 12022K, committed 12080K, reserved 1048576K
Event: 1595,544 GC heap after
Heap after GC invocations=52 (full 3):
 PSYoungGen      total 210432K, used 31869K [0x00000000f0000000, 0x0000000100000000, 0x0000000100000000)
  eden space 160256K, 0% used [0x00000000f0000000,0x00000000f0000000,0x00000000f9c80000)
  from space 50176K, 63% used [0x00000000f9c80000,0x00000000fbb9f6c8,0x00000000fcd80000)
  to   space 48640K, 0% used [0x00000000fd080000,0x00000000fd080000,0x0000000100000000)
 ParOldGen       total 524288K, used 143808K [0x00000000d0000000, 0x00000000f0000000, 0x00000000f0000000)
  object space 524288K, 27% used [0x00000000d0000000,0x00000000d8c70040,0x00000000f0000000)
 Metaspace       used 80831K, capacity 86642K, committed 86808K, reserved 1124352K
  class space    used 10391K, capacity 12022K, committed 12080K, reserved 1048576K
}
Event: 1718,212 GC heap before
{Heap before GC invocations=53 (full 3):
 PSYoungGen      total 210432K, used 192125K [0x00000000f0000000, 0x0000000100000000, 0x0000000100000000)
  eden space 160256K, 100% used [0x00000000f0000000,0x00000000f9c80000,0x00000000f9c80000)
  from space 50176K, 63% used [0x00000000f9c80000,0x00000000fbb9f6c8,0x00000000fcd80000)
  to   space 48640K, 0% used [0x00000000fd080000,0x00000000fd080000,0x0000000100000000)
 ParOldGen       total 524288K, used 143808K [0x00000000d0000000, 0x00000000f0000000, 0x00000000f0000000)
  object space 524288K, 27% used [0x00000000d0000000,0x00000000d8c70040,0x00000000f0000000)
 Metaspace       used 81016K, capacity 86824K, committed 87064K, reserved 1124352K
  class space    used 10401K, capacity 12031K, committed 12080K, reserved 1048576K
Event: 1718,240 GC heap after
Heap after GC invocations=53 (full 3):
 PSYoungGen      total 214528K, used 30362K [0x00000000f0000000, 0x0000000100000000, 0x0000000100000000)
  eden space 165888K, 0% used [0x00000000f0000000,0x00000000f0000000,0x00000000fa200000)
  from space 48640K, 62% used [0x00000000fd080000,0x00000000fee26868,0x0000000100000000)
  to   space 47616K, 0% used [0x00000000fa200000,0x00000000fa200000,0x00000000fd080000)
 ParOldGen       total 524288K, used 145089K [0x00000000d0000000, 0x00000000f0000000, 0x00000000f0000000)
  object space 524288K, 27% used [0x00000000d0000000,0x00000000d8db05d0,0x00000000f0000000)
 Metaspace       used 81016K, capacity 86824K, committed 87064K, reserved 1124352K
  class space    used 10401K, capacity 12031K, committed 12080K, reserved 1048576K
}
Event: 1794,837 GC heap before
{Heap before GC invocations=54 (full 3):
 PSYoungGen      total 214528K, used 196250K [0x00000000f0000000, 0x0000000100000000, 0x0000000100000000)
  eden space 165888K, 100% used [0x00000000f0000000,0x00000000fa200000,0x00000000fa200000)
  from space 48640K, 62% used [0x00000000fd080000,0x00000000fee26868,0x0000000100000000)
  to   space 47616K, 0% used [0x00000000fa200000,0x00000000fa200000,0x00000000fd080000)
 ParOldGen       total 524288K, used 145089K [0x00000000d0000000, 0x00000000f0000000, 0x00000000f0000000)
  object space 524288K, 27% used [0x00000000d0000000,0x00000000d8db05d0,0x00000000f0000000)
 Metaspace       used 81238K, capacity 87130K, committed 87320K, reserved 1124352K
  class space    used 10414K, capacity 12041K, committed 12080K, reserved 1048576K
Event: 1794,862 GC heap after
Heap after GC invocations=54 (full 3):
 PSYoungGen      total 213504K, used 29771K [0x00000000f0000000, 0x0000000100000000, 0x0000000100000000)
  eden space 165888K, 0% used [0x00000000f0000000,0x00000000f0000000,0x00000000fa200000)
  from space 47616K, 62% used [0x00000000fa200000,0x00000000fbf12cb8,0x00000000fd080000)
  to   space 46592K, 0% used [0x00000000fd280000,0x00000000fd280000,0x0000000100000000)
 ParOldGen       total 524288K, used 145995K [0x00000000d0000000, 0x00000000f0000000, 0x00000000f0000000)
  object space 524288K, 27% used [0x00000000d0000000,0x00000000d8e92f58,0x00000000f0000000)
 Metaspace       used 81238K, capacity 87130K, committed 87320K, reserved 1124352K
  class space    used 10414K, capacity 12041K, committed 12080K, reserved 1048576K
}
Event: 1969,159 GC heap before
{Heap before GC invocations=55 (full 3):
 PSYoungGen      total 213504K, used 195659K [0x00000000f0000000, 0x0000000100000000, 0x0000000100000000)
  eden space 165888K, 100% used [0x00000000f0000000,0x00000000fa200000,0x00000000fa200000)
  from space 47616K, 62% used [0x00000000fa200000,0x00000000fbf12cb8,0x00000000fd080000)
  to   space 46592K, 0% used [0x00000000fd280000,0x00000000fd280000,0x0000000100000000)
 ParOldGen       total 524288K, used 145995K [0x00000000d0000000, 0x00000000f0000000, 0x00000000f0000000)
  object space 524288K, 27% used [0x00000000d0000000,0x00000000d8e92f58,0x00000000f0000000)
 Metaspace       used 81593K, capacity 87536K, committed 87704K, reserved 1124352K
  class space    used 10431K, capacity 12082K, committed 12208K, reserved 1048576K
Event: 1969,185 GC heap after
Heap after GC invocations=55 (full 3):
 PSYoungGen      total 216064K, used 27401K [0x00000000f0000000, 0x0000000100000000, 0x0000000100000000)
  eden space 169472K, 0% used [0x00000000f0000000,0x00000000f0000000,0x00000000fa580000)
  from space 46592K, 58% used [0x00000000fd280000,0x00000000fed42600,0x0000000100000000)
  to   space 46080K, 0% used [0x00000000fa580000,0x00000000fa580000,0x00000000fd280000)
 ParOldGen       total 524288K, used 147562K [0x00000000d0000000, 0x00000000f0000000, 0x00000000f0000000)
  object space 524288K, 28% used [0x00000000d0000000,0x00000000d901abe8,0x00000000f0000000)
 Metaspace       used 81593K, capacity 87536K, committed 87704K, reserved 1124352K
  class space    used 10431K, capacity 12082K, committed 12208K, reserved 1048576K
}
Event: 2013,324 GC heap before
{Heap before GC invocations=56 (full 3):
 PSYoungGen      total 216064K, used 196862K [0x00000000f0000000, 0x0000000100000000, 0x0000000100000000)
  eden space 169472K, 99% used [0x00000000f0000000,0x00000000fa57d508,0x00000000fa580000)
  from space 46592K, 58% used [0x00000000fd280000,0x00000000fed42600,0x0000000100000000)
  to   space 46080K, 0% used [0x00000000fa580000,0x00000000fa580000,0x00000000fd280000)
 ParOldGen       total 524288K, used 147562K [0x00000000d0000000, 0x00000000f0000000, 0x00000000f0000000)
  object space 524288K, 28% used [0x00000000d0000000,0x00000000d901abe8,0x00000000f0000000)
 Metaspace       used 81783K, capacity 87718K, committed 87960K, reserved 1124352K
  class space    used 10440K, capacity 12091K, committed 12208K, reserved 1048576K
Event: 2013,362 GC heap after
Heap after GC invocations=56 (full 3):
 PSYoungGen      total 215552K, used 25257K [0x00000000f0000000, 0x0000000100000000, 0x0000000100000000)
  eden space 169472K, 0% used [0x00000000f0000000,0x00000000f0000000,0x00000000fa580000)
  from space 46080K, 54% used [0x00000000fa580000,0x00000000fbe2a7d0,0x00000000fd280000)
  to   space 46080K, 0% used [0x00000000fd300000,0x00000000fd300000,0x0000000100000000)
 ParOldGen       total 524288K, used 149108K [0x00000000d0000000, 0x00000000f0000000, 0x00000000f0000000)
  object space 524288K, 28% used [0x00000000d0000000,0x00000000d919d120,0x00000000f0000000)
 Metaspace       used 81783K, capacity 87718K, committed 87960K, reserved 1124352K
  class space    used 10440K, capacity 12091K, committed 12208K, reserved 1048576K
}

